TN:
SF:src\App.jsx
FN:43,App
FNF:1
FNH:1
FNDA:7,App
DA:44,7
LF:1
LH:1
BRF:0
BRH:0
end_of_record
TN:
SF:src\api\client.js
FN:9,(anonymous_0)
FN:13,(anonymous_1)
FN:40,(anonymous_2)
FN:112,(anonymous_3)
FN:114,(anonymous_4)
FN:116,(anonymous_5)
FN:118,(anonymous_6)
FN:120,(anonymous_7)
FN:128,oo_cm
FNF:9
FNH:9
FNDA:13,(anonymous_0)
FNDA:13,(anonymous_1)
FNDA:13,(anonymous_2)
FNDA:8,(anonymous_3)
FNDA:2,(anonymous_4)
FNDA:1,(anonymous_5)
FNDA:1,(anonymous_6)
FNDA:1,(anonymous_7)
FNDA:3,oo_cm
DA:1,23
DA:3,23
DA:9,23
DA:10,13
DA:13,23
DA:18,13
DA:19,2
DA:20,2
DA:22,1
DA:23,1
DA:26,1
DA:37,12
DA:40,23
DA:41,13
DA:43,13
DA:47,13
DA:48,3
DA:51,13
DA:56,13
DA:57,4
DA:62,13
DA:63,13
DA:65,3
DA:69,3
DA:71,3
DA:74,10
DA:76,10
DA:77,10
DA:82,10
DA:83,2
DA:85,2
DA:89,2
DA:90,2
DA:92,2
DA:104,8
DA:105,4
DA:108,4
DA:111,23
DA:112,8
DA:114,2
DA:116,1
DA:118,1
DA:120,1
DA:128,3
LF:44
LH:44
BRDA:1,0,0,23
BRDA:1,0,1,23
BRDA:18,1,0,2
BRDA:18,1,1,11
BRDA:22,2,0,1
BRDA:22,2,1,0
BRDA:37,3,0,12
BRDA:37,3,1,10
BRDA:47,4,0,3
BRDA:47,4,1,10
BRDA:56,5,0,4
BRDA:56,5,1,9
BRDA:66,6,0,3
BRDA:66,6,1,0
BRDA:82,7,0,2
BRDA:82,7,1,8
BRDA:86,8,0,2
BRDA:86,8,1,1
BRDA:104,9,0,4
BRDA:104,9,1,4
BRDA:104,10,0,8
BRDA:104,10,1,8
BRDA:104,10,2,8
BRDA:104,10,3,4
BRDA:128,11,0,3
BRDA:128,11,1,1
BRF:26
BRH:24
end_of_record
TN:
SF:src\auth\Auth0ProviderWithNavigate.jsx
FN:4,Auth0ProviderWithNavigate
FN:11,(anonymous_1)
FN:56,oo_cm
FNF:3
FNH:3
FNDA:4,Auth0ProviderWithNavigate
FNDA:2,(anonymous_1)
FNDA:1,oo_cm
DA:5,4
DA:7,4
DA:8,4
DA:9,4
DA:11,4
DA:12,2
DA:14,2
DA:19,4
DA:20,1
DA:24,1
DA:33,3
DA:56,1
LF:12
LH:12
BRDA:12,0,0,2
BRDA:12,0,1,1
BRDA:19,1,0,1
BRDA:19,1,1,3
BRDA:19,2,0,4
BRDA:19,2,1,3
BRDA:19,2,2,3
BRDA:56,3,0,1
BRDA:56,3,1,1
BRF:9
BRH:9
end_of_record
TN:
SF:src\common\tilt3d.jsx
FN:3,Tilt3D
FN:6,(anonymous_1)
FN:24,(anonymous_2)
FNF:3
FNH:3
FNDA:15,Tilt3D
FNDA:1,(anonymous_1)
FNDA:1,(anonymous_2)
DA:4,15
DA:6,15
DA:7,1
DA:8,1
DA:10,1
DA:12,1
DA:13,1
DA:15,1
DA:16,1
DA:18,1
DA:19,1
DA:20,1
DA:21,1
DA:24,15
DA:25,1
DA:26,1
DA:28,1
DA:29,1
DA:30,1
DA:31,1
DA:34,15
LF:21
LH:21
BRDA:3,0,0,14
BRDA:3,1,0,0
BRDA:8,2,0,0
BRDA:8,2,1,1
BRDA:26,3,0,0
BRDA:26,3,1,1
BRF:6
BRH:3
end_of_record
TN:
SF:src\components\common\Navbar.jsx
FN:13,Navbar
FN:16,(anonymous_1)
FN:18,(anonymous_2)
FN:22,(anonymous_3)
FNF:4
FNH:4
FNDA:17,Navbar
FNDA:41,(anonymous_1)
FNDA:41,(anonymous_2)
FNDA:1,(anonymous_3)
DA:14,17
DA:16,41
DA:18,41
DA:20,17
DA:22,17
DA:23,1
DA:25,1
DA:26,1
DA:27,1
DA:28,1
DA:29,1
DA:30,1
DA:31,1
DA:33,1
DA:36,17
LF:15
LH:15
BRDA:63,0,0,17
BRDA:63,0,1,4
BRDA:79,1,0,17
BRDA:79,1,1,1
BRDA:87,2,0,17
BRDA:87,2,1,1
BRDA:97,3,0,17
BRDA:97,3,1,4
BRDA:104,4,0,6
BRDA:104,4,1,11
BRF:10
BRH:10
end_of_record
TN:
SF:src\components\common\PortalLayout.jsx
FN:2,PortalLayout
FNF:1
FNH:1
FNDA:24,PortalLayout
DA:3,24
LF:1
LH:1
BRF:0
BRH:0
end_of_record
TN:
SF:src\components\common\ProtectedRoute.jsx
FN:4,ProtectedRoute
FN:5,(anonymous_1)
FN:7,(anonymous_2)
FNF:3
FNH:3
FNDA:6,ProtectedRoute
FNDA:15,(anonymous_1)
FNDA:15,(anonymous_2)
DA:5,15
DA:7,15
DA:9,6
DA:10,1
DA:17,5
DA:18,2
DA:21,3
DA:22,1
DA:25,2
LF:9
LH:9
BRDA:9,0,0,1
BRDA:9,0,1,5
BRDA:17,1,0,2
BRDA:17,1,1,3
BRDA:21,2,0,1
BRDA:21,2,1,2
BRDA:21,3,0,3
BRDA:21,3,1,3
BRF:8
BRH:8
end_of_record
TN:
SF:src\components\common\RoleSidebar.jsx
FN:2,RoleSidebar
FN:22,(anonymous_1)
FN:26,(anonymous_2)
FNF:3
FNH:3
FNDA:26,RoleSidebar
FNDA:142,(anonymous_1)
FNDA:142,(anonymous_2)
DA:3,26
DA:10,26
DA:18,26
DA:23,142
DA:27,142
LF:5
LH:5
BRDA:22,0,0,14
BRDA:22,0,1,12
BRDA:27,1,0,7
BRDA:27,1,1,135
BRF:4
BRH:4
end_of_record
TN:
SF:src\components\orders\OrderTracking.jsx
FN:12,OrderTracking
FN:14,(anonymous_1)
FN:15,(anonymous_2)
FN:19,(anonymous_3)
FNF:4
FNH:4
FNDA:3,OrderTracking
FNDA:2,(anonymous_1)
FNDA:1,(anonymous_2)
FNDA:2,(anonymous_3)
DA:1,3
DA:13,3
DA:14,2
DA:15,1
DA:17,3
DA:20,2
LF:6
LH:6
BRDA:13,0,0,3
BRDA:13,0,1,0
BRDA:14,1,0,2
BRDA:14,1,1,1
BRDA:22,2,0,2
BRDA:22,2,1,0
BRDA:26,3,0,2
BRDA:26,3,1,0
BRDA:31,4,0,2
BRDA:31,4,1,2
BRDA:39,5,0,3
BRDA:39,5,1,2
BRF:12
BRH:9
end_of_record
TN:
SF:src\components\products\ProductCard.jsx
FN:10,ProductCard
FN:13,(anonymous_1)
FN:17,(anonymous_2)
FNF:3
FNH:3
FNDA:14,ProductCard
FNDA:27,(anonymous_1)
FNDA:1,(anonymous_2)
DA:11,14
DA:13,27
DA:15,14
DA:17,14
DA:18,1
DA:19,1
DA:21,1
DA:28,0
DA:32,14
LF:9
LH:8
BRDA:35,0,0,4
BRDA:35,0,1,10
BRDA:63,1,0,14
BRDA:63,1,1,2
BRDA:67,2,0,14
BRDA:67,2,1,9
BRDA:72,3,0,13
BRDA:72,3,1,1
BRDA:73,4,0,13
BRDA:73,4,1,1
BRDA:76,5,0,14
BRDA:76,5,1,0
BRDA:86,6,0,14
BRDA:86,6,1,1
BRF:14
BRH:13
end_of_record
TN:
SF:src\components\products\ProductQA.jsx
FN:5,ProductQA
FN:11,(anonymous_1)
FN:54,(anonymous_2)
FN:74,(anonymous_3)
FN:128,oo_cm
FNF:5
FNH:4
FNDA:7,ProductQA
FNDA:2,(anonymous_1)
FNDA:1,(anonymous_2)
FNDA:1,(anonymous_3)
FNDA:0,oo_cm
DA:3,2
DA:6,7
DA:7,7
DA:8,7
DA:9,7
DA:11,7
DA:12,2
DA:14,2
DA:15,1
DA:16,1
DA:19,1
DA:20,0
DA:21,0
DA:24,1
DA:25,1
DA:26,1
DA:28,1
DA:29,1
DA:39,1
DA:41,1
DA:42,0
DA:45,1
DA:47,0
DA:48,0
DA:50,1
DA:54,7
DA:55,1
DA:56,1
DA:57,1
DA:61,7
DA:74,1
DA:128,0
LF:32
LH:26
BRDA:3,0,0,2
BRDA:3,0,1,2
BRDA:14,1,0,1
BRDA:14,1,1,1
BRDA:19,2,0,0
BRDA:19,2,1,1
BRDA:41,3,0,0
BRDA:41,3,1,1
BRDA:42,4,0,0
BRDA:42,4,1,0
BRDA:48,5,0,0
BRDA:48,5,1,0
BRDA:55,6,0,1
BRDA:55,6,1,0
BRDA:55,7,0,1
BRDA:55,7,1,1
BRDA:82,8,0,7
BRDA:82,8,1,6
BRDA:84,9,0,1
BRDA:84,9,1,6
BRDA:100,10,0,7
BRDA:100,10,1,1
BRDA:102,11,0,7
BRDA:102,11,1,1
BRDA:112,12,0,7
BRDA:112,12,1,6
BRDA:112,12,2,5
BRDA:112,12,3,4
BRDA:128,13,0,0
BRDA:128,13,1,0
BRF:30
BRH:21
end_of_record
TN:
SF:src\components\products\ReviewForm.jsx
FN:10,ReviewForm
FN:26,(anonymous_1)
FN:76,(anonymous_2)
FN:110,(anonymous_3)
FN:112,(anonymous_4)
FN:126,(anonymous_5)
FNF:6
FNH:5
FNDA:14,ReviewForm
FNDA:3,(anonymous_1)
FNDA:1,(anonymous_2)
FNDA:0,(anonymous_3)
FNDA:70,(anonymous_4)
FNDA:2,(anonymous_5)
DA:15,14
DA:17,14
DA:19,14
DA:21,14
DA:22,14
DA:24,14
DA:26,14
DA:27,3
DA:29,3
DA:31,3
DA:32,1
DA:33,1
DA:36,2
DA:38,2
DA:39,2
DA:40,1
DA:50,1
DA:52,1
DA:60,1
DA:61,1
DA:63,1
DA:66,2
DA:67,1
DA:70,0
DA:72,2
DA:76,14
DA:77,1
DA:79,1
DA:80,1
DA:82,1
DA:83,1
DA:85,1
DA:87,1
DA:88,0
DA:91,0
DA:93,1
DA:97,14
DA:110,0
DA:113,70
DA:126,2
LF:40
LH:36
BRDA:12,0,0,8
BRDA:17,1,0,14
BRDA:17,1,1,8
BRDA:19,2,0,14
BRDA:19,2,1,8
BRDA:31,3,0,1
BRDA:31,3,1,2
BRDA:39,4,0,1
BRDA:39,4,1,1
BRDA:66,5,0,1
BRDA:66,5,1,1
BRDA:77,6,0,0
BRDA:77,6,1,1
BRDA:87,7,0,0
BRDA:87,7,1,1
BRDA:100,8,0,6
BRDA:100,8,1,8
BRDA:102,9,0,14
BRDA:102,9,1,4
BRDA:135,10,0,3
BRDA:135,10,1,11
BRDA:135,11,0,4
BRDA:135,11,1,7
BRDA:138,12,0,14
BRDA:138,12,1,6
BRF:25
BRH:23
end_of_record
TN:
SF:src\pages\Addresses.jsx
FN:21,Addresses
FN:24,(anonymous_1)
FN:26,(anonymous_2)
FN:31,(anonymous_3)
FN:35,(anonymous_4)
FN:65,(anonymous_5)
FN:78,(anonymous_6)
FN:79,(anonymous_7)
FN:86,(anonymous_8)
FN:108,(anonymous_9)
FN:126,(anonymous_10)
FN:144,(anonymous_11)
FN:152,(anonymous_12)
FNF:13
FNH:10
FNDA:7,Addresses
FNDA:10,(anonymous_1)
FNDA:10,(anonymous_2)
FNDA:3,(anonymous_3)
FNDA:1,(anonymous_4)
FNDA:0,(anonymous_5)
FNDA:35,(anonymous_6)
FNDA:28,(anonymous_7)
FNDA:4,(anonymous_8)
FNDA:2,(anonymous_9)
FNDA:0,(anonymous_10)
FNDA:0,(anonymous_11)
FNDA:1,(anonymous_12)
DA:13,2
DA:22,7
DA:24,10
DA:26,10
DA:28,7
DA:29,7
DA:31,7
DA:32,3
DA:35,7
DA:36,1
DA:38,1
DA:39,0
DA:46,1
DA:49,1
DA:50,1
DA:53,7
DA:66,0
DA:78,35
DA:80,28
DA:87,4
DA:109,2
DA:127,0
DA:129,0
DA:144,0
DA:152,1
LF:25
LH:20
BRDA:38,0,0,0
BRDA:38,0,1,1
BRDA:59,1,0,0
BRDA:59,1,1,7
BRDA:96,2,0,0
BRDA:96,2,1,7
BRDA:106,3,0,7
BRDA:106,3,1,0
BRDA:113,4,0,2
BRDA:113,4,1,1
BRDA:141,5,0,2
BRDA:141,5,1,1
BRF:12
BRH:8
end_of_record
TN:
SF:src\pages\Cart.jsx
FN:17,Cart
FN:21,(anonymous_1)
FN:23,(anonymous_2)
FN:25,(anonymous_3)
FN:33,(anonymous_4)
FN:38,(anonymous_5)
FN:44,(anonymous_6)
FN:61,(anonymous_7)
FN:92,(anonymous_8)
FN:118,(anonymous_9)
FN:134,(anonymous_10)
FN:148,(anonymous_11)
FN:185,(anonymous_12)
FN:189,(anonymous_13)
FNF:14
FNH:11
FNDA:6,Cart
FNDA:14,(anonymous_1)
FNDA:14,(anonymous_2)
FNDA:14,(anonymous_3)
FNDA:4,(anonymous_4)
FNDA:4,(anonymous_5)
FNDA:1,(anonymous_6)
FNDA:0,(anonymous_7)
FNDA:3,(anonymous_8)
FNDA:0,(anonymous_9)
FNDA:1,(anonymous_10)
FNDA:1,(anonymous_11)
FNDA:0,(anonymous_12)
FNDA:2,(anonymous_13)
DA:18,6
DA:19,6
DA:21,14
DA:23,14
DA:25,14
DA:27,6
DA:29,6
DA:31,6
DA:33,6
DA:34,4
DA:35,4
DA:38,6
DA:39,4
DA:40,3
DA:41,3
DA:44,1
DA:46,1
DA:49,6
DA:50,3
DA:61,3
DA:62,0
DA:63,0
DA:64,0
DA:67,0
DA:68,0
DA:70,0
DA:71,0
DA:73,0
DA:74,0
DA:75,0
DA:78,0
DA:80,0
DA:82,0
DA:86,3
DA:93,3
DA:95,3
DA:97,3
DA:119,0
DA:135,1
DA:149,1
DA:185,0
DA:190,2
LF:42
LH:27
BRDA:39,0,0,3
BRDA:39,0,1,1
BRDA:46,1,0,1
BRDA:46,1,1,0
BRDA:46,1,2,0
BRDA:49,2,0,3
BRDA:49,2,1,3
BRDA:62,3,0,0
BRDA:62,3,1,0
BRDA:73,4,0,0
BRDA:73,4,1,0
BRDA:80,5,0,0
BRDA:80,5,1,0
BRDA:93,6,0,3
BRDA:93,6,1,0
BRDA:95,7,0,3
BRDA:95,7,1,0
BRDA:121,8,0,0
BRDA:121,8,1,0
BRDA:137,9,0,1
BRDA:137,9,1,0
BRDA:149,10,0,1
BRDA:149,10,1,0
BRDA:160,11,0,3
BRDA:160,11,1,3
BRDA:176,12,0,3
BRDA:176,12,1,0
BRDA:196,13,0,3
BRDA:196,13,1,1
BRDA:207,14,0,3
BRDA:207,14,1,3
BRDA:210,15,0,0
BRDA:210,15,1,3
BRF:33
BRH:17
end_of_record
TN:
SF:src\pages\Home.jsx
FN:6,Home
FN:7,(anonymous_1)
FN:35,(anonymous_2)
FNF:3
FNH:3
FNDA:4,Home
FNDA:8,(anonymous_1)
FNDA:2,(anonymous_2)
DA:7,8
DA:9,4
DA:36,2
LF:3
LH:3
BRF:0
BRH:0
end_of_record
TN:
SF:src\pages\Issues.jsx
FN:7,Issues
FN:10,(anonymous_1)
FN:12,(anonymous_2)
FN:14,(anonymous_3)
FN:21,(anonymous_4)
FN:46,(anonymous_5)
FN:48,(anonymous_6)
FN:63,(anonymous_7)
FN:70,(anonymous_8)
FN:76,(anonymous_9)
FN:80,(anonymous_10)
FN:90,(anonymous_11)
FN:105,(anonymous_12)
FNF:13
FNH:13
FNDA:9,Issues
FNDA:14,(anonymous_1)
FNDA:14,(anonymous_2)
FNDA:14,(anonymous_3)
FNDA:2,(anonymous_4)
FNDA:18,(anonymous_5)
FNDA:20,(anonymous_6)
FNDA:1,(anonymous_7)
FNDA:1,(anonymous_8)
FNDA:1,(anonymous_9)
FNDA:9,(anonymous_10)
FNDA:1,(anonymous_11)
FNDA:11,(anonymous_12)
DA:8,9
DA:10,14
DA:12,14
DA:14,14
DA:16,9
DA:17,9
DA:18,9
DA:19,9
DA:21,9
DA:22,2
DA:24,2
DA:26,1
DA:27,1
DA:36,1
DA:37,1
DA:38,1
DA:40,0
DA:44,9
DA:46,18
DA:48,20
DA:50,9
DA:63,1
DA:70,1
DA:76,1
DA:81,9
DA:90,1
DA:106,11
LF:27
LH:26
BRDA:24,0,0,1
BRDA:24,0,1,1
BRDA:24,1,0,2
BRDA:24,1,1,1
BRDA:31,2,0,1
BRDA:31,2,1,0
BRDA:40,3,0,0
BRDA:40,3,1,0
BRDA:44,4,0,9
BRDA:44,4,1,9
BRDA:118,5,0,11
BRDA:118,5,1,9
BRF:12
BRH:9
end_of_record
TN:
SF:src\pages\Login.jsx
FN:8,Login
FN:20,(anonymous_1)
FN:43,(anonymous_2)
FN:80,(anonymous_3)
FN:90,(anonymous_4)
FN:152,oo_cm
FNF:6
FNH:5
FNDA:14,Login
FNDA:2,(anonymous_1)
FNDA:1,(anonymous_2)
FNDA:2,(anonymous_3)
FNDA:2,(anonymous_4)
FNDA:0,oo_cm
DA:9,14
DA:10,14
DA:12,14
DA:14,14
DA:15,14
DA:17,14
DA:18,14
DA:20,14
DA:21,2
DA:23,2
DA:24,2
DA:26,2
DA:27,2
DA:29,1
DA:37,1
DA:39,2
DA:43,14
DA:44,1
DA:45,1
DA:47,1
DA:57,0
DA:59,0
DA:63,14
DA:80,2
DA:90,2
DA:152,0
LF:26
LH:23
BRDA:30,0,0,1
BRDA:30,0,1,0
BRDA:32,1,0,0
BRDA:32,1,1,0
BRDA:37,2,0,1
BRDA:37,2,1,0
BRDA:59,3,0,0
BRDA:59,3,1,0
BRDA:71,4,0,14
BRDA:71,4,1,1
BRDA:97,5,0,14
BRDA:97,5,1,12
BRDA:99,6,0,2
BRDA:99,6,1,12
BRDA:115,7,0,14
BRDA:115,7,1,14
BRDA:117,8,0,0
BRDA:117,8,1,14
BRDA:152,9,0,0
BRDA:152,9,1,0
BRF:20
BRH:11
end_of_record
TN:
SF:src\pages\OrderDetails.jsx
FN:5,OrderDetails
FN:8,(anonymous_1)
FN:10,(anonymous_2)
FN:12,(anonymous_3)
FN:14,(anonymous_4)
FN:27,(anonymous_5)
FN:54,(anonymous_6)
FNF:7
FNH:7
FNDA:2,OrderDetails
FNDA:4,(anonymous_1)
FNDA:4,(anonymous_2)
FNDA:4,(anonymous_3)
FNDA:2,(anonymous_4)
FNDA:1,(anonymous_5)
FNDA:1,(anonymous_6)
DA:6,2
DA:8,4
DA:10,4
DA:12,4
DA:14,2
DA:16,2
DA:18,2
DA:19,1
DA:26,1
DA:27,1
DA:30,1
DA:55,1
LF:12
LH:12
BRDA:14,0,0,2
BRDA:14,0,1,2
BRDA:16,1,0,2
BRDA:16,1,1,2
BRDA:18,2,0,1
BRDA:18,2,1,1
BRDA:18,3,0,2
BRDA:18,3,1,2
BRDA:27,4,0,1
BRDA:27,4,1,1
BRDA:39,5,0,1
BRDA:39,5,1,1
BRDA:54,6,0,1
BRDA:54,6,1,0
BRDA:57,7,0,1
BRDA:57,7,1,0
BRDA:73,8,0,1
BRDA:73,8,1,0
BRDA:74,9,0,1
BRDA:74,9,1,0
BRDA:90,10,0,1
BRDA:90,10,1,1
BRF:22
BRH:18
end_of_record
TN:
SF:src\pages\Orders.jsx
FN:4,Orders
FN:5,(anonymous_1)
FN:7,(anonymous_2)
FN:11,(anonymous_3)
FN:21,(anonymous_4)
FNF:5
FNH:5
FNDA:2,Orders
FNDA:4,(anonymous_1)
FNDA:4,(anonymous_2)
FNDA:2,(anonymous_3)
FNDA:1,(anonymous_4)
DA:5,4
DA:7,4
DA:9,2
DA:11,2
DA:13,2
DA:22,1
DA:24,1
LF:7
LH:7
BRDA:9,0,0,2
BRDA:9,0,1,2
BRDA:17,1,0,2
BRDA:17,1,1,1
BRDA:22,2,0,1
BRDA:22,2,1,1
BRDA:37,3,0,1
BRDA:37,3,1,0
BRF:8
BRH:7
end_of_record
TN:
SF:src\pages\PaymentCancel.jsx
FN:3,PaymentCancel
FNF:1
FNH:1
FNDA:1,PaymentCancel
DA:4,1
LF:1
LH:1
BRF:0
BRH:0
end_of_record
TN:
SF:src\pages\PaymentSuccess.jsx
FN:3,PaymentSuccess
FNF:1
FNH:1
FNDA:1,PaymentSuccess
DA:4,1
LF:1
LH:1
BRF:0
BRH:0
end_of_record
TN:
SF:src\pages\ProductDetails.jsx
FN:9,ProductDetails
FN:15,(anonymous_1)
FN:17,(anonymous_2)
FN:19,(anonymous_3)
FN:21,(anonymous_4)
FN:23,(anonymous_5)
FN:39,(anonymous_6)
FN:41,(anonymous_7)
FN:49,(anonymous_8)
FN:57,(anonymous_9)
FN:111,(anonymous_10)
FN:119,(anonymous_11)
FN:134,(anonymous_12)
FN:160,(anonymous_13)
FNF:14
FNH:13
FNDA:4,ProductDetails
FNDA:7,(anonymous_1)
FNDA:7,(anonymous_2)
FNDA:7,(anonymous_3)
FNDA:7,(anonymous_4)
FNDA:3,(anonymous_5)
FNDA:2,(anonymous_6)
FNDA:1,(anonymous_7)
FNDA:1,(anonymous_8)
FNDA:2,(anonymous_9)
FNDA:1,(anonymous_10)
FNDA:1,(anonymous_11)
FNDA:0,(anonymous_12)
FNDA:2,(anonymous_13)
DA:10,4
DA:11,4
DA:13,4
DA:15,7
DA:17,7
DA:19,7
DA:21,7
DA:23,4
DA:25,4
DA:26,4
DA:28,4
DA:29,1
DA:36,3
DA:37,3
DA:39,3
DA:41,3
DA:42,1
DA:43,1
DA:45,1
DA:50,1
DA:56,3
DA:58,2
DA:62,3
DA:64,3
DA:112,1
DA:120,1
DA:135,0
DA:136,0
DA:161,2
LF:29
LH:27
BRDA:23,0,0,3
BRDA:23,0,1,0
BRDA:28,1,0,1
BRDA:28,1,1,3
BRDA:36,2,0,3
BRDA:36,2,1,0
BRDA:37,3,0,3
BRDA:37,3,1,0
BRDA:42,4,0,1
BRDA:42,4,1,1
BRDA:42,4,2,1
BRDA:43,5,0,1
BRDA:43,5,1,0
BRDA:46,6,0,1
BRDA:46,6,1,1
BRDA:46,6,2,1
BRDA:50,7,0,1
BRDA:50,7,1,1
BRDA:50,7,2,1
BRDA:58,8,0,2
BRDA:58,8,1,2
BRDA:62,9,0,3
BRDA:62,9,1,3
BRDA:86,10,0,3
BRDA:86,10,1,1
BRDA:90,11,0,3
BRDA:90,11,1,1
BRDA:90,12,0,2
BRDA:90,12,1,1
BRDA:99,13,0,3
BRDA:99,13,1,0
BRDA:102,14,0,3
BRDA:102,14,1,3
BRDA:112,15,0,1
BRDA:112,15,1,0
BRDA:122,16,0,1
BRDA:122,16,1,0
BRDA:147,17,0,3
BRDA:147,17,1,1
BRDA:158,18,0,3
BRDA:158,18,1,1
BRDA:161,19,0,2
BRDA:161,19,1,0
BRDA:172,20,0,3
BRDA:172,20,1,1
BRDA:172,20,2,1
BRDA:174,21,0,3
BRDA:174,21,1,0
BRDA:178,22,0,3
BRDA:178,22,1,3
BRDA:178,22,2,2
BRF:51
BRH:42
end_of_record
TN:
SF:src\pages\Products.jsx
FN:6,Products
FN:7,(anonymous_1)
FN:19,(anonymous_2)
FN:21,(anonymous_3)
FN:23,(anonymous_4)
FN:25,(anonymous_5)
FN:38,(anonymous_6)
FN:42,(anonymous_7)
FN:46,(anonymous_8)
FN:58,(anonymous_9)
FN:78,(anonymous_10)
FN:84,(anonymous_11)
FN:88,(anonymous_12)
FN:96,(anonymous_13)
FN:100,(anonymous_14)
FN:112,(anonymous_15)
FN:122,(anonymous_16)
FN:130,(anonymous_17)
FN:140,(anonymous_18)
FN:150,(anonymous_19)
FN:168,(anonymous_20)
FN:184,(anonymous_21)
FN:184,(anonymous_22)
FN:189,(anonymous_23)
FNF:24
FNH:11
FNDA:6,Products
FNDA:10,(anonymous_1)
FNDA:10,(anonymous_2)
FNDA:10,(anonymous_3)
FNDA:6,(anonymous_4)
FNDA:10,(anonymous_5)
FNDA:0,(anonymous_6)
FNDA:0,(anonymous_7)
FNDA:0,(anonymous_8)
FNDA:2,(anonymous_9)
FNDA:2,(anonymous_10)
FNDA:0,(anonymous_11)
FNDA:10,(anonymous_12)
FNDA:0,(anonymous_13)
FNDA:5,(anonymous_14)
FNDA:0,(anonymous_15)
FNDA:0,(anonymous_16)
FNDA:0,(anonymous_17)
FNDA:0,(anonymous_18)
FNDA:0,(anonymous_19)
FNDA:7,(anonymous_20)
FNDA:0,(anonymous_21)
FNDA:0,(anonymous_22)
FNDA:0,(anonymous_23)
DA:7,10
DA:9,6
DA:10,6
DA:11,6
DA:12,6
DA:13,6
DA:14,6
DA:15,6
DA:16,6
DA:17,6
DA:19,10
DA:21,10
DA:23,6
DA:24,6
DA:26,10
DA:37,6
DA:38,0
DA:41,6
DA:42,0
DA:45,6
DA:46,0
DA:49,6
DA:52,6
DA:54,6
DA:56,6
DA:58,6
DA:59,2
DA:60,2
DA:63,6
DA:78,2
DA:84,0
DA:89,10
DA:96,0
DA:101,5
DA:112,0
DA:122,0
DA:130,0
DA:140,0
DA:150,0
DA:169,7
DA:184,0
DA:185,0
DA:189,0
LF:43
LH:30
BRDA:26,0,0,10
BRDA:26,0,1,7
BRDA:26,0,2,0
BRDA:26,0,3,7
BRDA:26,0,4,0
BRDA:26,0,5,7
BRDA:26,0,6,0
BRDA:26,0,7,7
BRDA:26,0,8,0
BRDA:26,0,9,7
BRDA:26,0,10,0
BRDA:26,0,11,7
BRDA:26,0,12,0
BRDA:34,1,0,0
BRDA:34,1,1,0
BRDA:37,2,0,0
BRDA:37,2,1,6
BRDA:41,3,0,0
BRDA:41,3,1,6
BRDA:45,4,0,0
BRDA:45,4,1,6
BRDA:175,5,0,6
BRDA:175,5,1,2
BRDA:181,6,0,6
BRDA:181,6,1,0
BRDA:186,7,0,0
BRDA:186,7,1,0
BRF:27
BRH:13
end_of_record
TN:
SF:src\pages\Profile.jsx
FN:4,Profile
FN:5,(anonymous_1)
FN:7,(anonymous_2)
FN:9,(anonymous_3)
FN:11,(anonymous_4)
FN:13,(anonymous_5)
FN:16,(anonymous_6)
FN:20,(anonymous_7)
FN:24,(anonymous_8)
FN:28,(anonymous_9)
FN:57,(anonymous_10)
FNF:11
FNH:11
FNDA:1,Profile
FNDA:2,(anonymous_1)
FNDA:2,(anonymous_2)
FNDA:2,(anonymous_3)
FNDA:2,(anonymous_4)
FNDA:2,(anonymous_5)
FNDA:2,(anonymous_6)
FNDA:2,(anonymous_7)
FNDA:2,(anonymous_8)
FNDA:2,(anonymous_9)
FNDA:1,(anonymous_10)
DA:5,2
DA:7,2
DA:9,2
DA:11,2
DA:13,2
DA:15,1
DA:16,2
DA:19,1
DA:20,2
DA:23,1
DA:24,2
DA:27,1
DA:28,2
DA:31,1
DA:58,1
LF:15
LH:15
BRDA:16,0,0,2
BRDA:16,0,1,2
BRDA:20,1,0,2
BRDA:20,1,1,2
BRDA:28,2,0,2
BRDA:28,2,1,2
BRF:6
BRH:6
end_of_record
TN:
SF:src\pages\Register.jsx
FN:7,Register
FN:21,(anonymous_1)
FN:53,(anonymous_2)
FN:70,(anonymous_3)
FN:86,(anonymous_4)
FN:103,(anonymous_5)
FNF:6
FNH:6
FNDA:16,Register
FNDA:2,(anonymous_1)
FNDA:2,(anonymous_2)
FNDA:2,(anonymous_3)
FNDA:2,(anonymous_4)
FNDA:2,(anonymous_5)
DA:8,16
DA:9,16
DA:11,16
DA:18,16
DA:19,16
DA:21,16
DA:22,2
DA:24,2
DA:25,2
DA:27,2
DA:28,2
DA:30,1
DA:32,1
DA:34,2
DA:38,16
DA:54,2
DA:71,2
DA:87,2
DA:104,2
LF:19
LH:19
BRDA:32,0,0,1
BRDA:32,0,1,0
BRDA:44,1,0,16
BRDA:44,1,1,1
BRDA:114,2,0,2
BRDA:114,2,1,14
BRF:6
BRH:5
end_of_record
TN:
SF:src\pages\Reviews.jsx
FN:3,Reviews
FN:4,(anonymous_1)
FN:6,(anonymous_2)
FN:8,(anonymous_3)
FN:13,(anonymous_4)
FN:14,(anonymous_5)
FN:15,(anonymous_6)
FNF:7
FNH:7
FNDA:1,Reviews
FNDA:2,(anonymous_1)
FNDA:2,(anonymous_2)
FNDA:2,(anonymous_3)
FNDA:2,(anonymous_4)
FNDA:1,(anonymous_5)
FNDA:1,(anonymous_6)
DA:4,2
DA:6,2
DA:8,2
DA:9,1
DA:13,2
DA:15,1
DA:16,1
LF:7
LH:7
BRF:0
BRH:0
end_of_record
TN:
SF:src\pages\VendorRegister.jsx
FN:7,VendorRegister
FN:23,(anonymous_1)
FN:44,(anonymous_2)
FN:61,(anonymous_3)
FN:69,(anonymous_4)
FN:88,(anonymous_5)
FNF:6
FNH:5
FNDA:9,VendorRegister
FNDA:1,(anonymous_1)
FNDA:0,(anonymous_2)
FNDA:48,(anonymous_3)
FNDA:1,(anonymous_4)
FNDA:5,(anonymous_5)
DA:8,9
DA:9,9
DA:11,9
DA:20,9
DA:21,9
DA:23,9
DA:24,1
DA:26,1
DA:28,1
DA:29,1
DA:30,1
DA:32,0
DA:36,9
DA:37,1
DA:44,0
DA:52,8
DA:62,48
DA:70,1
DA:89,5
LF:19
LH:17
BRDA:32,0,0,0
BRDA:32,0,1,0
BRDA:36,1,0,1
BRDA:36,1,1,8
BRDA:58,2,0,8
BRDA:58,2,1,0
BRDA:65,3,0,8
BRDA:65,3,1,40
BRDA:81,4,0,8
BRDA:81,4,1,32
BRDA:83,5,0,8
BRDA:83,5,1,24
BRF:12
BRH:9
end_of_record
TN:
SF:src\pages\admin\AdminDashboard.jsx
FN:5,AdminDashboard
FN:6,(anonymous_1)
FN:8,(anonymous_2)
FN:10,(anonymous_3)
FN:12,(anonymous_4)
FN:14,(anonymous_5)
FN:27,(anonymous_6)
FN:32,(anonymous_7)
FN:36,(anonymous_8)
FNF:9
FNH:9
FNDA:1,AdminDashboard
FNDA:2,(anonymous_1)
FNDA:2,(anonymous_2)
FNDA:2,(anonymous_3)
FNDA:2,(anonymous_4)
FNDA:2,(anonymous_5)
FNDA:2,(anonymous_6)
FNDA:2,(anonymous_7)
FNDA:6,(anonymous_8)
DA:6,2
DA:8,2
DA:10,2
DA:12,2
DA:14,2
DA:16,1
DA:27,2
DA:32,2
DA:37,6
LF:9
LH:9
BRF:0
BRH:0
end_of_record
TN:
SF:src\pages\admin\AdminIssues.jsx
FN:6,AdminIssues
FN:9,(anonymous_1)
FN:11,(anonymous_2)
FN:18,(anonymous_3)
FN:37,(anonymous_4)
FN:51,(anonymous_5)
FN:52,(anonymous_6)
FN:64,(anonymous_7)
FNF:8
FNH:8
FNDA:2,AdminIssues
FNDA:6,(anonymous_1)
FNDA:6,(anonymous_2)
FNDA:2,(anonymous_3)
FNDA:1,(anonymous_4)
FNDA:4,(anonymous_5)
FNDA:2,(anonymous_6)
FNDA:1,(anonymous_7)
DA:7,2
DA:9,6
DA:11,6
DA:13,2
DA:19,2
DA:38,1
DA:51,4
DA:53,2
DA:65,1
LF:9
LH:9
BRDA:19,0,0,2
BRDA:19,0,1,1
BRDA:23,1,0,2
BRDA:23,1,1,1
BRDA:29,2,0,2
BRDA:29,2,1,1
BRDA:36,3,0,2
BRDA:36,3,1,2
BRDA:40,4,0,1
BRDA:40,4,1,1
BRDA:42,5,0,1
BRDA:42,5,1,0
BRDA:53,6,0,2
BRDA:53,6,1,2
BRDA:67,7,0,1
BRDA:67,7,1,1
BRF:16
BRH:15
end_of_record
TN:
SF:src\pages\admin\AdminOrders.jsx
FN:17,AdminOrders
FN:20,(anonymous_1)
FN:27,(anonymous_2)
FN:34,(anonymous_3)
FN:49,(anonymous_4)
FN:59,(anonymous_5)
FNF:6
FNH:6
FNDA:2,AdminOrders
FNDA:4,(anonymous_1)
FNDA:2,(anonymous_2)
FNDA:2,(anonymous_3)
FNDA:1,(anonymous_4)
FNDA:16,(anonymous_5)
DA:6,2
DA:18,2
DA:20,4
DA:22,2
DA:28,2
DA:35,2
DA:50,1
DA:60,16
LF:8
LH:8
BRDA:34,0,0,2
BRDA:34,0,1,0
BRF:2
BRH:1
end_of_record
TN:
SF:src\pages\admin\AdminReviews.jsx
FN:7,AdminReviews
FN:10,(anonymous_1)
FN:12,(anonymous_2)
FN:19,(anonymous_3)
FN:21,(anonymous_4)
FN:35,(anonymous_5)
FNF:6
FNH:6
FNDA:2,AdminReviews
FNDA:5,(anonymous_1)
FNDA:5,(anonymous_2)
FNDA:3,(anonymous_3)
FNDA:3,(anonymous_4)
FNDA:1,(anonymous_5)
DA:8,2
DA:10,5
DA:12,5
DA:14,2
DA:20,3
DA:21,3
DA:24,3
DA:35,1
LF:8
LH:8
BRDA:27,0,0,3
BRDA:27,0,1,2
BRF:2
BRH:2
end_of_record
TN:
SF:src\pages\admin\AdminUsers.jsx
FN:7,AdminUsers
FN:10,(anonymous_1)
FN:12,(anonymous_2)
FN:33,(anonymous_3)
FN:45,(anonymous_4)
FNF:5
FNH:5
FNDA:2,AdminUsers
FNDA:5,(anonymous_1)
FNDA:5,(anonymous_2)
FNDA:6,(anonymous_3)
FNDA:1,(anonymous_4)
DA:8,2
DA:10,5
DA:12,5
DA:14,2
DA:34,6
DA:46,1
LF:6
LH:6
BRDA:41,0,0,6
BRDA:41,0,1,4
BRDA:41,0,2,4
BRDA:50,1,0,1
BRDA:50,1,1,0
BRDA:57,2,0,1
BRDA:57,2,1,3
BRF:7
BRH:6
end_of_record
TN:
SF:src\pages\admin\AdminVendors.jsx
FN:11,AdminVendors
FN:14,(anonymous_1)
FN:34,(anonymous_2)
FN:45,(anonymous_3)
FN:52,(anonymous_4)
FN:62,(anonymous_5)
FNF:6
FNH:6
FNDA:2,AdminVendors
FNDA:7,(anonymous_1)
FNDA:3,(anonymous_2)
FNDA:1,(anonymous_3)
FNDA:1,(anonymous_4)
FNDA:1,(anonymous_5)
DA:12,2
DA:14,7
DA:16,2
DA:35,3
DA:45,1
DA:52,1
DA:62,1
LF:7
LH:7
BRDA:41,0,0,3
BRDA:41,0,1,1
BRDA:59,1,0,3
BRDA:59,1,1,1
BRF:4
BRH:4
end_of_record
TN:
SF:src\pages\vendor\VendorDashboard.jsx
FN:5,VendorDashboard
FN:6,(anonymous_1)
FN:8,(anonymous_2)
FN:10,(anonymous_3)
FN:12,(anonymous_4)
FN:14,(anonymous_5)
FN:16,(anonymous_6)
FN:17,(anonymous_7)
FN:21,(anonymous_8)
FN:25,(anonymous_9)
FN:28,(anonymous_10)
FN:29,(anonymous_11)
FN:42,(anonymous_12)
FN:45,(anonymous_13)
FN:48,(anonymous_14)
FNF:15
FNH:15
FNDA:1,VendorDashboard
FNDA:2,(anonymous_1)
FNDA:2,(anonymous_2)
FNDA:2,(anonymous_3)
FNDA:2,(anonymous_4)
FNDA:3,(anonymous_5)
FNDA:2,(anonymous_6)
FNDA:2,(anonymous_7)
FNDA:2,(anonymous_8)
FNDA:1,(anonymous_9)
FNDA:1,(anonymous_10)
FNDA:1,(anonymous_11)
FNDA:2,(anonymous_12)
FNDA:2,(anonymous_13)
FNDA:5,(anonymous_14)
DA:6,2
DA:8,2
DA:10,2
DA:12,2
DA:14,3
DA:16,1
DA:17,2
DA:20,1
DA:21,2
DA:24,1
DA:26,1
DA:28,1
DA:29,1
DA:33,1
DA:42,2
DA:45,2
DA:49,5
LF:17
LH:17
BRDA:17,0,0,2
BRDA:17,0,1,0
BRDA:27,1,0,1
BRDA:27,1,1,0
BRF:4
BRH:2
end_of_record
TN:
SF:src\pages\vendor\VendorIssues.jsx
FN:7,VendorIssues
FN:10,(anonymous_1)
FN:12,(anonymous_2)
FN:14,(anonymous_3)
FN:17,(anonymous_4)
FN:20,(anonymous_5)
FN:21,(anonymous_6)
FN:29,(anonymous_7)
FN:44,(anonymous_8)
FN:60,(anonymous_9)
FNF:10
FNH:10
FNDA:1,VendorIssues
FNDA:4,(anonymous_1)
FNDA:4,(anonymous_2)
FNDA:4,(anonymous_3)
FNDA:2,(anonymous_4)
FNDA:1,(anonymous_5)
FNDA:1,(anonymous_6)
FNDA:1,(anonymous_7)
FNDA:1,(anonymous_8)
FNDA:1,(anonymous_9)
DA:8,1
DA:10,4
DA:12,4
DA:14,4
DA:16,1
DA:18,2
DA:20,1
DA:21,1
DA:24,1
DA:30,1
DA:45,1
DA:61,1
LF:12
LH:12
BRDA:18,0,0,2
BRDA:18,0,1,1
BRF:2
BRH:2
end_of_record
TN:
SF:src\pages\vendor\VendorOrders.jsx
FN:16,VendorOrders
FN:19,(anonymous_1)
FN:21,(anonymous_2)
FN:24,(anonymous_3)
FN:27,(anonymous_4)
FN:30,(anonymous_5)
FN:41,(anonymous_6)
FN:48,(anonymous_7)
FN:67,(anonymous_8)
FN:80,(anonymous_9)
FNF:10
FNH:10
FNDA:2,VendorOrders
FNDA:4,(anonymous_1)
FNDA:4,(anonymous_2)
FNDA:2,(anonymous_3)
FNDA:4,(anonymous_4)
FNDA:2,(anonymous_5)
FNDA:2,(anonymous_6)
FNDA:2,(anonymous_7)
FNDA:1,(anonymous_8)
FNDA:2,(anonymous_9)
DA:7,2
DA:17,2
DA:19,4
DA:21,4
DA:23,2
DA:24,2
DA:27,4
DA:30,2
DA:32,2
DA:42,2
DA:49,2
DA:68,1
DA:81,2
LF:13
LH:13
BRDA:26,0,0,2
BRDA:26,0,1,0
BRF:2
BRH:1
end_of_record
TN:
SF:src\pages\vendor\VendorProductEdit.jsx
FN:21,VendorProductEdit
FN:27,(anonymous_1)
FN:29,(anonymous_2)
FN:32,(anonymous_3)
FN:39,(anonymous_4)
FN:53,(anonymous_5)
FN:88,(anonymous_6)
FN:97,(anonymous_7)
FN:111,(anonymous_8)
FN:127,(anonymous_9)
FN:142,(anonymous_10)
FN:167,oo_cm
FNF:12
FNH:10
FNDA:5,VendorProductEdit
FNDA:8,(anonymous_1)
FNDA:8,(anonymous_2)
FNDA:5,(anonymous_3)
FNDA:2,(anonymous_4)
FNDA:1,(anonymous_5)
FNDA:25,(anonymous_6)
FNDA:1,(anonymous_7)
FNDA:0,(anonymous_8)
FNDA:40,(anonymous_9)
FNDA:1,(anonymous_10)
FNDA:0,oo_cm
DA:11,2
DA:22,5
DA:24,5
DA:25,5
DA:27,8
DA:29,8
DA:31,5
DA:33,5
DA:37,5
DA:39,5
DA:40,2
DA:41,1
DA:53,5
DA:54,1
DA:56,1
DA:62,1
DA:63,1
DA:64,1
DA:71,0
DA:74,1
DA:76,0
DA:78,0
DA:82,5
DA:89,25
DA:98,1
DA:112,0
DA:128,40
DA:143,1
DA:167,0
LF:29
LH:24
BRDA:33,0,0,5
BRDA:33,0,1,5
BRDA:40,1,0,1
BRDA:40,1,1,1
BRDA:42,2,0,1
BRDA:42,2,1,0
BRDA:43,3,0,1
BRDA:43,3,1,0
BRDA:44,4,0,1
BRDA:44,4,1,0
BRDA:45,5,0,1
BRDA:45,5,1,0
BRDA:46,6,0,1
BRDA:46,6,1,0
BRDA:47,7,0,1
BRDA:47,7,1,0
BRDA:48,8,0,1
BRDA:48,8,1,1
BRDA:63,9,0,1
BRDA:63,9,1,0
BRDA:78,10,0,0
BRDA:78,10,1,0
BRDA:85,11,0,4
BRDA:85,11,1,1
BRDA:94,12,0,10
BRDA:94,12,1,15
BRDA:94,13,0,25
BRDA:94,13,1,20
BRDA:153,14,0,4
BRDA:153,14,1,1
BRDA:167,15,0,0
BRDA:167,15,1,0
BRF:32
BRH:21
end_of_record
TN:
SF:src\pages\vendor\VendorProducts.jsx
FN:8,VendorProducts
FN:11,(anonymous_1)
FN:13,(anonymous_2)
FN:16,(anonymous_3)
FN:45,(anonymous_4)
FN:63,(anonymous_5)
FNF:6
FNH:6
FNDA:2,VendorProducts
FNDA:5,(anonymous_1)
FNDA:5,(anonymous_2)
FNDA:3,(anonymous_3)
FNDA:1,(anonymous_4)
FNDA:1,(anonymous_5)
DA:9,2
DA:11,5
DA:13,5
DA:15,2
DA:17,3
DA:21,2
DA:46,1
DA:63,1
LF:8
LH:8
BRDA:17,0,0,3
BRDA:17,0,1,2
BRF:2
BRH:2
end_of_record
TN:
SF:src\pages\vendor\VendorProfile.jsx
FN:5,VendorProfile
FN:6,(anonymous_1)
FN:8,(anonymous_2)
FN:10,(anonymous_3)
FNF:4
FNH:4
FNDA:1,VendorProfile
FNDA:2,(anonymous_1)
FNDA:2,(anonymous_2)
FNDA:1,(anonymous_3)
DA:6,2
DA:8,2
DA:10,1
DA:12,1
LF:4
LH:4
BRF:0
BRH:0
end_of_record
TN:
SF:src\store\AppBootstrap.jsx
FN:29,AppBootstrap
FN:32,(anonymous_1)
FN:33,(anonymous_2)
FN:34,(anonymous_3)
FN:47,(anonymous_4)
FN:62,(anonymous_5)
FN:73,(anonymous_6)
FN:123,(anonymous_7)
FN:140,(anonymous_8)
FN:174,oo_cm
FNF:10
FNH:9
FNDA:15,AppBootstrap
FNDA:82,(anonymous_1)
FNDA:82,(anonymous_2)
FNDA:82,(anonymous_3)
FNDA:8,(anonymous_4)
FNDA:15,(anonymous_5)
FNDA:6,(anonymous_6)
FNDA:6,(anonymous_7)
FNDA:12,(anonymous_8)
FNDA:0,oo_cm
DA:30,15
DA:32,82
DA:33,82
DA:34,82
DA:40,15
DA:47,15
DA:48,8
DA:62,15
DA:63,15
DA:64,1
DA:67,14
DA:68,8
DA:71,6
DA:73,6
DA:74,6
DA:80,6
DA:81,5
DA:82,5
DA:84,3
DA:100,3
DA:101,1
DA:108,1
DA:110,1
DA:113,0
DA:115,6
DA:116,1
DA:121,6
DA:123,6
DA:124,6
DA:140,15
DA:141,12
DA:142,8
DA:145,4
DA:146,2
DA:147,2
DA:148,2
DA:149,2
DA:152,4
DA:153,1
DA:154,1
DA:155,1
DA:158,4
DA:159,1
DA:160,1
DA:161,1
DA:162,1
DA:166,15
DA:174,0
LF:48
LH:46
BRDA:63,0,0,1
BRDA:63,0,1,14
BRDA:67,1,0,8
BRDA:67,1,1,6
BRDA:80,2,0,5
BRDA:80,2,1,1
BRDA:100,3,0,1
BRDA:100,3,1,2
BRDA:115,4,0,1
BRDA:115,4,1,5
BRDA:141,5,0,8
BRDA:141,5,1,4
BRDA:145,6,0,2
BRDA:145,6,1,2
BRDA:152,7,0,1
BRDA:152,7,1,3
BRDA:158,8,0,1
BRDA:158,8,1,3
BRDA:174,9,0,0
BRDA:174,9,1,0
BRF:20
BRH:18
end_of_record
TN:
SF:src\store\store.js
FNF:0
FNH:0
DA:13,1
LF:1
LH:1
BRF:0
BRH:0
end_of_record
TN:
SF:src\store\slices\addressSlice.js
FN:9,(anonymous_0)
FN:22,(anonymous_1)
FN:44,(anonymous_2)
FN:62,(anonymous_3)
FN:80,(anonymous_4)
FN:98,(anonymous_5)
FN:131,(anonymous_6)
FN:135,(anonymous_7)
FN:142,(anonymous_8)
FN:148,(anonymous_9)
FN:153,(anonymous_10)
FN:158,(anonymous_11)
FN:166,(anonymous_12)
FN:171,(anonymous_13)
FN:177,(anonymous_14)
FN:185,(anonymous_15)
FN:190,(anonymous_16)
FN:195,(anonymous_17)
FN:202,(anonymous_18)
FN:210,(anonymous_19)
FN:215,(anonymous_20)
FN:219,(anonymous_21)
FN:223,(anonymous_22)
FN:231,(anonymous_23)
FN:236,(anonymous_24)
FN:241,(anonymous_25)
FN:248,(anonymous_26)
FNF:27
FNH:24
FNDA:4,(anonymous_0)
FNDA:5,(anonymous_1)
FNDA:2,(anonymous_2)
FNDA:2,(anonymous_3)
FNDA:2,(anonymous_4)
FNDA:2,(anonymous_5)
FNDA:1,(anonymous_6)
FNDA:2,(anonymous_7)
FNDA:34,(anonymous_8)
FNDA:4,(anonymous_9)
FNDA:2,(anonymous_10)
FNDA:2,(anonymous_11)
FNDA:1,(anonymous_12)
FNDA:1,(anonymous_13)
FNDA:1,(anonymous_14)
FNDA:1,(anonymous_15)
FNDA:1,(anonymous_16)
FNDA:1,(anonymous_17)
FNDA:0,(anonymous_18)
FNDA:1,(anonymous_19)
FNDA:1,(anonymous_20)
FNDA:2,(anonymous_21)
FNDA:0,(anonymous_22)
FNDA:1,(anonymous_23)
FNDA:1,(anonymous_24)
FNDA:2,(anonymous_25)
FNDA:0,(anonymous_26)
DA:9,35
DA:20,35
DA:23,5
DA:24,5
DA:26,3
DA:30,3
DA:32,2
DA:42,35
DA:45,2
DA:46,2
DA:48,1
DA:50,1
DA:60,35
DA:63,2
DA:64,2
DA:66,1
DA:68,1
DA:78,35
DA:81,2
DA:82,2
DA:84,1
DA:86,1
DA:96,35
DA:99,2
DA:100,2
DA:102,1
DA:104,1
DA:114,35
DA:125,35
DA:132,1
DA:136,2
DA:137,2
DA:138,2
DA:143,34
DA:149,4
DA:150,4
DA:154,2
DA:155,2
DA:159,2
DA:160,2
DA:167,1
DA:168,1
DA:172,1
DA:174,1
DA:178,1
DA:179,1
DA:186,1
DA:187,1
DA:191,1
DA:193,1
DA:195,1
DA:196,1
DA:203,0
DA:204,0
DA:211,1
DA:212,1
DA:216,1
DA:218,1
DA:219,2
DA:224,0
DA:225,0
DA:232,1
DA:233,1
DA:237,1
DA:239,1
DA:241,2
DA:249,0
DA:250,0
DA:260,35
LF:69
LH:63
BRDA:11,0,0,4
BRDA:11,0,1,0
BRDA:12,1,0,4
BRDA:12,1,1,4
BRDA:26,2,0,1
BRDA:26,2,1,2
BRDA:28,3,0,2
BRDA:28,3,1,2
BRDA:28,3,2,2
BRDA:32,4,0,2
BRDA:32,4,1,0
BRDA:50,5,0,1
BRDA:50,5,1,0
BRDA:68,6,0,1
BRDA:68,6,1,0
BRDA:86,7,0,1
BRDA:86,7,1,0
BRDA:104,8,0,1
BRDA:104,8,1,0
BRDA:160,9,0,2
BRDA:160,9,1,0
BRDA:179,10,0,1
BRDA:179,10,1,0
BRDA:196,11,0,1
BRDA:196,11,1,0
BRDA:204,12,0,0
BRDA:204,12,1,0
BRDA:225,13,0,0
BRDA:225,13,1,0
BRDA:250,14,0,0
BRDA:250,14,1,0
BRF:31
BRH:16
end_of_record
TN:
SF:src\store\slices\authSlice.js
FN:10,(anonymous_0)
FN:29,(anonymous_1)
FN:63,(anonymous_2)
FN:94,(anonymous_3)
FN:157,(anonymous_4)
FN:174,(anonymous_5)
FN:205,(anonymous_6)
FN:215,(anonymous_7)
FN:221,(anonymous_8)
FN:226,(anonymous_9)
FN:231,(anonymous_10)
FN:236,(anonymous_11)
FN:244,(anonymous_12)
FN:254,(anonymous_13)
FN:259,(anonymous_14)
FN:266,(anonymous_15)
FN:280,(anonymous_16)
FN:285,(anonymous_17)
FN:293,(anonymous_18)
FNF:19
FNH:18
FNDA:7,(anonymous_0)
FNDA:2,(anonymous_1)
FNDA:7,(anonymous_2)
FNDA:3,(anonymous_3)
FNDA:1,(anonymous_4)
FNDA:2,(anonymous_5)
FNDA:3,(anonymous_6)
FNDA:2,(anonymous_7)
FNDA:1,(anonymous_8)
FNDA:33,(anonymous_9)
FNDA:1,(anonymous_10)
FNDA:1,(anonymous_11)
FNDA:1,(anonymous_12)
FNDA:5,(anonymous_13)
FNDA:3,(anonymous_14)
FNDA:2,(anonymous_15)
FNDA:1,(anonymous_16)
FNDA:1,(anonymous_17)
FNDA:0,(anonymous_18)
DA:5,35
DA:10,35
DA:11,7
DA:12,0
DA:15,7
DA:26,35
DA:30,2
DA:31,2
DA:36,1
DA:37,1
DA:39,1
DA:40,0
DA:43,1
DA:45,1
DA:50,1
DA:60,35
DA:64,7
DA:65,7
DA:67,4
DA:69,3
DA:70,1
DA:73,3
DA:91,35
DA:95,3
DA:96,3
DA:97,1
DA:100,2
DA:112,2
DA:114,2
DA:115,2
DA:117,0
DA:120,2
DA:121,0
DA:126,2
DA:127,2
DA:129,2
DA:130,0
DA:133,2
DA:134,0
DA:137,2
DA:139,2
DA:144,1
DA:154,35
DA:158,1
DA:159,1
DA:161,0
DA:171,35
DA:175,2
DA:176,2
DA:178,0
DA:183,35
DA:199,35
DA:206,3
DA:208,3
DA:209,3
DA:210,3
DA:211,3
DA:212,3
DA:216,2
DA:217,2
DA:218,2
DA:222,1
DA:230,33
DA:232,1
DA:233,1
DA:237,1
DA:238,1
DA:239,1
DA:240,1
DA:241,1
DA:245,1
DA:246,1
DA:247,1
DA:253,33
DA:255,5
DA:256,5
DA:260,3
DA:261,3
DA:262,3
DA:263,3
DA:267,2
DA:269,2
DA:270,2
DA:271,2
DA:272,2
DA:273,2
DA:279,33
DA:281,1
DA:282,1
DA:286,1
DA:287,1
DA:288,1
DA:289,1
DA:290,1
DA:294,0
DA:295,0
DA:296,0
DA:297,0
DA:298,0
DA:303,35
LF:100
LH:87
BRDA:5,0,0,35
BRDA:5,0,1,35
BRDA:11,1,0,0
BRDA:11,1,1,7
BRDA:17,2,0,7
BRDA:17,2,1,4
BRDA:39,3,0,0
BRDA:39,3,1,1
BRDA:50,4,0,1
BRDA:50,4,1,0
BRDA:69,5,0,1
BRDA:69,5,1,2
BRDA:69,6,0,3
BRDA:69,6,1,2
BRDA:73,7,0,3
BRDA:73,7,1,0
BRDA:96,8,0,1
BRDA:96,8,1,2
BRDA:120,9,0,0
BRDA:120,9,1,2
BRDA:120,10,0,2
BRDA:120,10,1,2
BRDA:122,11,0,0
BRDA:122,11,1,0
BRDA:129,12,0,0
BRDA:129,12,1,2
BRDA:133,13,0,0
BRDA:133,13,1,2
BRDA:144,14,0,1
BRDA:144,14,1,0
BRDA:161,15,0,0
BRDA:161,15,1,0
BRDA:178,16,0,0
BRDA:178,16,1,0
BRDA:184,17,0,35
BRDA:184,17,1,35
BRF:36
BRH:22
end_of_record
TN:
SF:src\store\slices\cartSlice.js
FN:4,(anonymous_0)
FN:10,(anonymous_1)
FN:25,(anonymous_2)
FN:54,(anonymous_3)
FN:92,(anonymous_4)
FN:96,(anonymous_5)
FN:122,(anonymous_6)
FN:126,(anonymous_7)
FN:172,(anonymous_8)
FN:173,(anonymous_9)
FN:187,(anonymous_10)
FN:192,(anonymous_11)
FN:200,(anonymous_12)
FN:207,(anonymous_13)
FN:212,(anonymous_14)
FN:218,(anonymous_15)
FN:229,(anonymous_16)
FN:234,(anonymous_17)
FN:238,(anonymous_18)
FN:247,(anonymous_19)
FN:252,(anonymous_20)
FN:256,(anonymous_21)
FN:265,(anonymous_22)
FN:270,(anonymous_23)
FN:274,(anonymous_24)
FNF:25
FNH:18
FNDA:0,(anonymous_0)
FNDA:1,(anonymous_1)
FNDA:5,(anonymous_2)
FNDA:3,(anonymous_3)
FNDA:2,(anonymous_4)
FNDA:1,(anonymous_5)
FNDA:3,(anonymous_6)
FNDA:2,(anonymous_7)
FNDA:5,(anonymous_8)
FNDA:4,(anonymous_9)
FNDA:2,(anonymous_10)
FNDA:3,(anonymous_11)
FNDA:33,(anonymous_12)
FNDA:4,(anonymous_13)
FNDA:3,(anonymous_14)
FNDA:2,(anonymous_15)
FNDA:1,(anonymous_16)
FNDA:0,(anonymous_17)
FNDA:0,(anonymous_18)
FNDA:1,(anonymous_19)
FNDA:0,(anonymous_20)
FNDA:0,(anonymous_21)
FNDA:1,(anonymous_22)
FNDA:0,(anonymous_23)
FNDA:0,(anonymous_24)
DA:4,35
DA:10,35
DA:23,35
DA:26,5
DA:27,5
DA:29,5
DA:30,1
DA:33,4
DA:35,3
DA:39,3
DA:41,1
DA:52,35
DA:58,3
DA:59,3
DA:61,3
DA:62,1
DA:65,2
DA:66,1
DA:69,1
DA:74,1
DA:76,1
DA:78,2
DA:90,35
DA:93,2
DA:94,2
DA:96,2
DA:98,2
DA:99,1
DA:102,1
DA:104,1
DA:106,1
DA:108,1
DA:120,35
DA:123,3
DA:124,3
DA:126,3
DA:128,3
DA:129,1
DA:132,2
DA:133,1
DA:135,1
DA:137,1
DA:140,1
DA:144,1
DA:146,1
DA:148,1
DA:159,35
DA:172,35
DA:173,5
DA:181,35
DA:188,2
DA:189,2
DA:193,3
DA:194,3
DA:195,3
DA:196,3
DA:201,33
DA:208,4
DA:209,4
DA:213,3
DA:214,3
DA:215,3
DA:219,2
DA:220,2
DA:221,2
DA:222,2
DA:230,1
DA:231,1
DA:235,0
DA:239,0
DA:240,0
DA:248,1
DA:249,1
DA:253,0
DA:257,0
DA:258,0
DA:266,1
DA:267,1
DA:271,0
DA:275,0
DA:276,0
DA:281,35
LF:82
LH:73
BRDA:4,0,0,0
BRDA:6,1,0,0
BRDA:6,1,1,0
BRDA:7,2,0,0
BRDA:7,2,1,0
BRDA:7,2,2,0
BRDA:10,3,0,0
BRDA:12,4,0,1
BRDA:12,4,1,0
BRDA:13,5,0,1
BRDA:13,5,1,0
BRDA:14,6,0,0
BRDA:14,6,1,1
BRDA:29,7,0,1
BRDA:29,7,1,4
BRDA:29,8,0,5
BRDA:29,8,1,5
BRDA:35,9,0,1
BRDA:35,9,1,2
BRDA:37,10,0,2
BRDA:37,10,1,2
BRDA:37,10,2,2
BRDA:41,11,0,1
BRDA:41,11,1,0
BRDA:55,12,0,2
BRDA:61,13,0,1
BRDA:61,13,1,2
BRDA:61,14,0,3
BRDA:61,14,1,2
BRDA:65,15,0,1
BRDA:65,15,1,1
BRDA:70,16,0,1
BRDA:70,16,1,0
BRDA:78,17,0,2
BRDA:78,17,1,0
BRDA:98,18,0,1
BRDA:98,18,1,1
BRDA:108,19,0,1
BRDA:108,19,1,0
BRDA:128,20,0,1
BRDA:128,20,1,2
BRDA:132,21,0,1
BRDA:132,21,1,1
BRDA:148,22,0,1
BRDA:148,22,1,0
BRDA:173,23,0,4
BRDA:173,23,1,0
BRDA:188,24,0,2
BRDA:188,24,1,1
BRDA:220,25,0,2
BRDA:220,25,1,0
BRDA:240,26,0,0
BRDA:240,26,1,0
BRDA:258,27,0,0
BRDA:258,27,1,0
BRDA:276,28,0,0
BRDA:276,28,1,0
BRF:57
BRH:34
end_of_record
TN:
SF:src\store\slices\issueSlice.js
FN:10,(anonymous_0)
FN:35,(anonymous_1)
FN:58,(anonymous_2)
FN:81,(anonymous_3)
FN:103,(anonymous_4)
FN:125,(anonymous_5)
FN:144,(anonymous_6)
FN:163,(anonymous_7)
FN:182,(anonymous_8)
FN:223,(anonymous_9)
FN:231,(anonymous_10)
FN:238,(anonymous_11)
FN:242,(anonymous_12)
FN:247,(anonymous_13)
FN:255,(anonymous_14)
FN:259,(anonymous_15)
FN:263,(anonymous_16)
FN:275,(anonymous_17)
FN:279,(anonymous_18)
FN:283,(anonymous_19)
FN:295,(anonymous_20)
FN:299,(anonymous_21)
FN:303,(anonymous_22)
FN:315,(anonymous_23)
FN:319,(anonymous_24)
FN:326,(anonymous_25)
FN:338,(anonymous_26)
FN:342,(anonymous_27)
FN:349,(anonymous_28)
FN:361,(anonymous_29)
FN:365,(anonymous_30)
FN:373,(anonymous_31)
FN:393,(anonymous_32)
FN:405,(anonymous_33)
FN:409,(anonymous_34)
FN:417,(anonymous_35)
FN:437,(anonymous_36)
FN:449,(anonymous_37)
FN:453,(anonymous_38)
FN:459,(anonymous_39)
FN:469,(anonymous_40)
FNF:41
FNH:34
FNDA:14,(anonymous_0)
FNDA:6,(anonymous_1)
FNDA:2,(anonymous_2)
FNDA:2,(anonymous_3)
FNDA:3,(anonymous_4)
FNDA:2,(anonymous_5)
FNDA:6,(anonymous_6)
FNDA:2,(anonymous_7)
FNDA:2,(anonymous_8)
FNDA:2,(anonymous_9)
FNDA:2,(anonymous_10)
FNDA:1,(anonymous_11)
FNDA:1,(anonymous_12)
FNDA:35,(anonymous_13)
FNDA:5,(anonymous_14)
FNDA:5,(anonymous_15)
FNDA:1,(anonymous_16)
FNDA:1,(anonymous_17)
FNDA:1,(anonymous_18)
FNDA:0,(anonymous_19)
FNDA:1,(anonymous_20)
FNDA:1,(anonymous_21)
FNDA:0,(anonymous_22)
FNDA:2,(anonymous_23)
FNDA:2,(anonymous_24)
FNDA:0,(anonymous_25)
FNDA:1,(anonymous_26)
FNDA:1,(anonymous_27)
FNDA:0,(anonymous_28)
FNDA:5,(anonymous_29)
FNDA:5,(anonymous_30)
FNDA:7,(anonymous_31)
FNDA:0,(anonymous_32)
FNDA:1,(anonymous_33)
FNDA:1,(anonymous_34)
FNDA:1,(anonymous_35)
FNDA:0,(anonymous_36)
FNDA:1,(anonymous_37)
FNDA:1,(anonymous_38)
FNDA:2,(anonymous_39)
FNDA:0,(anonymous_40)
DA:10,35
DA:11,14
DA:13,13
DA:33,35
DA:36,6
DA:37,6
DA:39,5
DA:43,5
DA:45,1
DA:56,35
DA:59,2
DA:60,2
DA:62,1
DA:66,1
DA:68,1
DA:79,35
DA:82,2
DA:83,2
DA:85,1
DA:87,1
DA:101,35
DA:104,3
DA:105,3
DA:107,2
DA:109,1
DA:123,35
DA:126,2
DA:127,2
DA:129,1
DA:131,1
DA:142,35
DA:145,6
DA:146,6
DA:148,5
DA:150,1
DA:161,35
DA:164,2
DA:165,2
DA:167,1
DA:169,1
DA:180,35
DA:183,2
DA:184,2
DA:186,1
DA:188,1
DA:199,35
DA:213,35
DA:224,2
DA:226,2
DA:227,1
DA:232,2
DA:233,2
DA:234,2
DA:235,2
DA:239,1
DA:243,1
DA:254,35
DA:256,5
DA:257,5
DA:260,5
DA:261,5
DA:264,1
DA:265,1
DA:274,35
DA:276,1
DA:277,1
DA:280,1
DA:281,1
DA:284,0
DA:285,0
DA:294,35
DA:296,1
DA:297,1
DA:300,1
DA:301,1
DA:304,0
DA:305,0
DA:314,35
DA:316,2
DA:317,2
DA:320,2
DA:322,2
DA:323,2
DA:327,0
DA:328,0
DA:337,35
DA:339,1
DA:340,1
DA:343,1
DA:345,1
DA:346,1
DA:350,0
DA:351,0
DA:360,35
DA:362,5
DA:363,5
DA:366,5
DA:368,5
DA:370,5
DA:372,5
DA:373,7
DA:376,5
DA:377,3
DA:383,5
DA:387,1
DA:394,0
DA:395,0
DA:404,35
DA:406,1
DA:407,1
DA:410,1
DA:412,1
DA:414,1
DA:416,1
DA:417,1
DA:420,1
DA:421,1
DA:427,1
DA:431,0
DA:438,0
DA:439,0
DA:448,35
DA:450,1
DA:451,1
DA:454,1
DA:456,1
DA:458,1
DA:459,2
DA:462,1
DA:466,1
DA:470,0
DA:471,0
DA:487,35
LF:133
LH:118
BRDA:11,0,0,1
BRDA:11,0,1,13
BRDA:16,1,0,13
BRDA:16,1,1,2
BRDA:18,2,0,13
BRDA:18,2,1,13
BRDA:18,2,2,13
BRDA:18,2,3,12
BRDA:21,3,0,13
BRDA:21,3,1,13
BRDA:21,3,2,13
BRDA:21,3,3,13
BRDA:23,4,0,13
BRDA:23,4,1,13
BRDA:23,4,2,13
BRDA:23,4,3,13
BRDA:39,5,0,1
BRDA:39,5,1,4
BRDA:41,6,0,4
BRDA:41,6,1,4
BRDA:41,6,2,4
BRDA:41,6,3,4
BRDA:45,7,0,1
BRDA:45,7,1,0
BRDA:62,8,0,1
BRDA:62,8,1,0
BRDA:64,9,0,0
BRDA:64,9,1,0
BRDA:64,9,2,0
BRDA:64,9,3,0
BRDA:68,10,0,1
BRDA:68,10,1,0
BRDA:85,11,0,1
BRDA:85,11,1,1
BRDA:85,11,2,1
BRDA:87,12,0,1
BRDA:87,12,1,0
BRDA:107,13,0,2
BRDA:107,13,1,2
BRDA:107,13,2,2
BRDA:109,14,0,1
BRDA:109,14,1,0
BRDA:129,15,0,1
BRDA:129,15,1,1
BRDA:129,15,2,1
BRDA:131,16,0,1
BRDA:131,16,1,0
BRDA:148,17,0,5
BRDA:148,17,1,5
BRDA:148,17,2,5
BRDA:150,18,0,1
BRDA:150,18,1,0
BRDA:167,19,0,1
BRDA:167,19,1,1
BRDA:167,19,2,1
BRDA:169,20,0,1
BRDA:169,20,1,0
BRDA:188,21,0,1
BRDA:188,21,1,0
BRDA:226,22,0,1
BRDA:226,22,1,1
BRDA:322,23,0,2
BRDA:322,23,1,0
BRDA:345,24,0,1
BRDA:345,24,1,0
BRDA:370,25,0,0
BRDA:370,25,1,5
BRDA:376,26,0,3
BRDA:376,26,1,2
BRDA:383,27,0,1
BRDA:383,27,1,4
BRDA:384,28,0,5
BRDA:384,28,1,1
BRDA:414,29,0,0
BRDA:414,29,1,1
BRDA:420,30,0,1
BRDA:420,30,1,0
BRDA:427,31,0,0
BRDA:427,31,1,1
BRDA:428,32,0,1
BRDA:428,32,1,0
BRDA:462,33,0,1
BRDA:462,33,1,0
BRDA:463,34,0,1
BRDA:463,34,1,1
BRF:85
BRH:64
end_of_record
TN:
SF:src\store\slices\orderSlice.js
FN:11,(anonymous_0)
FN:20,(anonymous_1)
FN:44,(anonymous_2)
FN:68,(anonymous_3)
FN:92,(anonymous_4)
FN:116,(anonymous_5)
FN:136,(anonymous_6)
FN:158,(anonymous_7)
FN:190,(anonymous_8)
FN:225,(anonymous_9)
FN:268,(anonymous_10)
FN:281,(anonymous_11)
FN:288,(anonymous_12)
FN:294,(anonymous_13)
FN:300,(anonymous_14)
FN:310,(anonymous_15)
FN:316,(anonymous_16)
FN:322,(anonymous_17)
FN:332,(anonymous_18)
FN:338,(anonymous_19)
FN:344,(anonymous_20)
FN:354,(anonymous_21)
FN:358,(anonymous_22)
FN:372,(anonymous_23)
FN:378,(anonymous_24)
FN:385,(anonymous_25)
FN:389,(anonymous_26)
FN:399,(anonymous_27)
FN:403,(anonymous_28)
FN:409,(anonymous_29)
FN:425,(anonymous_30)
FN:429,(anonymous_31)
FN:435,(anonymous_32)
FN:451,(anonymous_33)
FN:457,(anonymous_34)
FN:461,(anonymous_35)
FNF:36
FNH:33
FNDA:5,(anonymous_0)
FNDA:1,(anonymous_1)
FNDA:4,(anonymous_2)
FNDA:3,(anonymous_3)
FNDA:3,(anonymous_4)
FNDA:2,(anonymous_5)
FNDA:2,(anonymous_6)
FNDA:3,(anonymous_7)
FNDA:3,(anonymous_8)
FNDA:2,(anonymous_9)
FNDA:2,(anonymous_10)
FNDA:35,(anonymous_11)
FNDA:3,(anonymous_12)
FNDA:3,(anonymous_13)
FNDA:1,(anonymous_14)
FNDA:2,(anonymous_15)
FNDA:1,(anonymous_16)
FNDA:0,(anonymous_17)
FNDA:2,(anonymous_18)
FNDA:1,(anonymous_19)
FNDA:0,(anonymous_20)
FNDA:2,(anonymous_21)
FNDA:1,(anonymous_22)
FNDA:1,(anonymous_23)
FNDA:1,(anonymous_24)
FNDA:1,(anonymous_25)
FNDA:1,(anonymous_26)
FNDA:3,(anonymous_27)
FNDA:3,(anonymous_28)
FNDA:2,(anonymous_29)
FNDA:2,(anonymous_30)
FNDA:2,(anonymous_31)
FNDA:2,(anonymous_32)
FNDA:1,(anonymous_33)
FNDA:0,(anonymous_34)
FNDA:1,(anonymous_35)
DA:11,35
DA:20,1
DA:41,35
DA:45,4
DA:46,4
DA:48,3
DA:52,3
DA:54,1
DA:65,35
DA:69,3
DA:70,3
DA:72,2
DA:76,2
DA:78,1
DA:89,35
DA:93,3
DA:94,3
DA:96,2
DA:100,2
DA:102,1
DA:113,35
DA:117,2
DA:118,2
DA:120,1
DA:122,1
DA:133,35
DA:137,2
DA:138,2
DA:142,1
DA:144,1
DA:155,35
DA:159,3
DA:160,3
DA:167,2
DA:174,1
DA:187,35
DA:191,3
DA:192,3
DA:199,2
DA:206,1
DA:222,35
DA:226,2
DA:227,2
DA:231,1
DA:233,1
DA:244,35
DA:262,35
DA:269,2
DA:271,2
DA:273,2
DA:275,2
DA:277,2
DA:282,35
DA:289,3
DA:291,3
DA:295,3
DA:297,3
DA:301,1
DA:303,1
DA:311,2
DA:313,2
DA:317,1
DA:319,1
DA:323,0
DA:325,0
DA:333,2
DA:335,2
DA:339,1
DA:341,1
DA:345,0
DA:347,0
DA:355,2
DA:357,2
DA:358,1
DA:361,2
DA:362,1
DA:364,1
DA:373,1
DA:375,1
DA:379,1
DA:381,1
DA:383,1
DA:385,1
DA:390,1
DA:392,1
DA:400,3
DA:402,3
DA:403,3
DA:406,3
DA:408,2
DA:409,2
DA:412,2
DA:413,2
DA:415,2
DA:417,2
DA:426,2
DA:428,2
DA:429,2
DA:432,2
DA:434,2
DA:435,2
DA:438,2
DA:439,2
DA:441,2
DA:443,2
DA:452,1
DA:454,1
DA:458,0
DA:462,1
DA:464,1
DA:475,35
LF:111
LH:106
BRDA:14,0,0,5
BRDA:14,0,1,0
BRDA:16,1,0,5
BRDA:16,1,1,5
BRDA:18,2,0,5
BRDA:18,2,1,5
BRDA:20,3,0,5
BRDA:20,3,1,4
BRDA:23,4,0,1
BRDA:23,4,1,0
BRDA:25,5,0,1
BRDA:25,5,1,1
BRDA:27,6,0,1
BRDA:27,6,1,0
BRDA:29,7,0,1
BRDA:29,7,1,1
BRDA:31,8,0,1
BRDA:31,8,1,1
BRDA:48,9,0,1
BRDA:48,9,1,2
BRDA:50,10,0,2
BRDA:50,10,1,2
BRDA:50,10,2,2
BRDA:54,11,0,1
BRDA:54,11,1,0
BRDA:72,12,0,1
BRDA:72,12,1,1
BRDA:74,13,0,1
BRDA:74,13,1,1
BRDA:74,13,2,1
BRDA:78,14,0,1
BRDA:78,14,1,0
BRDA:96,15,0,1
BRDA:96,15,1,1
BRDA:98,16,0,1
BRDA:98,16,1,1
BRDA:98,16,2,1
BRDA:102,17,0,1
BRDA:102,17,1,0
BRDA:122,18,0,1
BRDA:122,18,1,0
BRDA:144,19,0,1
BRDA:144,19,1,0
BRDA:175,20,0,1
BRDA:175,20,1,0
BRDA:207,21,0,1
BRDA:207,21,1,0
BRDA:233,22,0,1
BRDA:233,22,1,0
BRDA:361,23,0,1
BRDA:361,23,1,1
BRDA:406,24,0,1
BRDA:406,24,1,2
BRDA:412,25,0,2
BRDA:412,25,1,0
BRDA:413,26,0,2
BRDA:413,26,1,0
BRDA:432,27,0,0
BRDA:432,27,1,2
BRDA:438,28,0,2
BRDA:438,28,1,0
BRDA:439,29,0,2
BRDA:439,29,1,0
BRF:63
BRH:47
end_of_record
TN:
SF:src\store\slices\productSlice.js
FN:10,(anonymous_0)
FN:32,(anonymous_1)
FN:55,(anonymous_2)
FN:77,(anonymous_3)
FN:99,(anonymous_4)
FN:134,(anonymous_5)
FN:138,(anonymous_6)
FN:145,(anonymous_7)
FN:152,(anonymous_8)
FN:157,(anonymous_9)
FN:162,(anonymous_10)
FN:171,(anonymous_11)
FN:176,(anonymous_12)
FN:182,(anonymous_13)
FN:192,(anonymous_14)
FN:197,(anonymous_15)
FN:203,(anonymous_16)
FN:211,(anonymous_17)
FN:221,(anonymous_18)
FN:226,(anonymous_19)
FN:230,(anonymous_20)
FN:234,(anonymous_21)
FNF:22
FNH:18
FNDA:4,(anonymous_0)
FNDA:10,(anonymous_1)
FNDA:2,(anonymous_2)
FNDA:3,(anonymous_3)
FNDA:3,(anonymous_4)
FNDA:1,(anonymous_5)
FNDA:1,(anonymous_6)
FNDA:35,(anonymous_7)
FNDA:9,(anonymous_8)
FNDA:8,(anonymous_9)
FNDA:0,(anonymous_10)
FNDA:1,(anonymous_11)
FNDA:1,(anonymous_12)
FNDA:0,(anonymous_13)
FNDA:2,(anonymous_14)
FNDA:2,(anonymous_15)
FNDA:2,(anonymous_16)
FNDA:0,(anonymous_17)
FNDA:2,(anonymous_18)
FNDA:2,(anonymous_19)
FNDA:4,(anonymous_20)
FNDA:0,(anonymous_21)
DA:10,35
DA:30,35
DA:33,10
DA:34,10
DA:36,9
DA:40,9
DA:42,1
DA:53,35
DA:56,2
DA:57,2
DA:62,1
DA:64,1
DA:75,35
DA:78,3
DA:79,3
DA:84,2
DA:86,1
DA:97,35
DA:100,3
DA:101,3
DA:103,2
DA:105,1
DA:116,35
DA:128,35
DA:135,1
DA:139,1
DA:140,1
DA:141,1
DA:146,35
DA:153,9
DA:154,9
DA:158,8
DA:159,8
DA:163,0
DA:164,0
DA:172,1
DA:173,1
DA:177,1
DA:179,1
DA:183,0
DA:185,0
DA:193,2
DA:194,2
DA:198,2
DA:200,2
DA:202,2
DA:203,2
DA:206,2
DA:207,2
DA:212,0
DA:214,0
DA:222,2
DA:223,2
DA:227,2
DA:229,2
DA:230,4
DA:235,0
DA:237,0
DA:242,35
LF:59
LH:51
BRDA:10,0,0,0
BRDA:12,1,0,4
BRDA:12,1,1,1
BRDA:13,2,0,4
BRDA:13,2,1,3
BRDA:13,2,2,2
BRDA:15,3,0,0
BRDA:15,3,1,4
BRDA:18,4,0,0
BRDA:18,4,1,0
BRDA:19,5,0,0
BRDA:19,5,1,0
BRDA:36,6,0,1
BRDA:36,6,1,8
BRDA:38,7,0,8
BRDA:38,7,1,8
BRDA:38,7,2,8
BRDA:42,8,0,1
BRDA:42,8,1,0
BRDA:59,9,0,2
BRDA:59,9,1,1
BRDA:59,9,2,1
BRDA:64,10,0,1
BRDA:64,10,1,0
BRDA:81,11,0,3
BRDA:81,11,1,3
BRDA:81,11,2,3
BRDA:86,12,0,1
BRDA:86,12,1,0
BRDA:105,13,0,1
BRDA:105,13,1,0
BRDA:135,14,0,1
BRDA:135,14,1,0
BRDA:164,15,0,0
BRDA:164,15,1,0
BRDA:185,16,0,0
BRDA:185,16,1,0
BRDA:206,17,0,2
BRDA:206,17,1,0
BRDA:214,18,0,0
BRDA:214,18,1,0
BRDA:237,19,0,0
BRDA:237,19,1,0
BRF:43
BRH:23
end_of_record
TN:
SF:src\store\slices\reviewSlice.js
FN:9,(anonymous_0)
FN:34,(anonymous_1)
FN:59,(anonymous_2)
FN:66,(anonymous_3)
FN:69,(anonymous_4)
FN:88,(anonymous_5)
FN:119,(anonymous_6)
FN:138,(anonymous_7)
FN:173,(anonymous_8)
FN:177,(anonymous_9)
FN:184,(anonymous_10)
FN:190,(anonymous_11)
FN:195,(anonymous_12)
FN:202,(anonymous_13)
FN:209,(anonymous_14)
FN:217,(anonymous_15)
FN:222,(anonymous_16)
FN:227,(anonymous_17)
FN:235,(anonymous_18)
FN:240,(anonymous_19)
FN:249,(anonymous_20)
FN:258,(anonymous_21)
FN:266,(anonymous_22)
FN:271,(anonymous_23)
FN:276,(anonymous_24)
FN:283,(anonymous_25)
FN:291,(anonymous_26)
FN:296,(anonymous_27)
FN:300,(anonymous_28)
FN:304,(anonymous_29)
FNF:30
FNH:27
FNDA:4,(anonymous_0)
FNDA:2,(anonymous_1)
FNDA:2,(anonymous_2)
FNDA:1,(anonymous_3)
FNDA:0,(anonymous_4)
FNDA:2,(anonymous_5)
FNDA:2,(anonymous_6)
FNDA:3,(anonymous_7)
FNDA:1,(anonymous_8)
FNDA:2,(anonymous_9)
FNDA:34,(anonymous_10)
FNDA:1,(anonymous_11)
FNDA:1,(anonymous_12)
FNDA:0,(anonymous_13)
FNDA:1,(anonymous_14)
FNDA:1,(anonymous_15)
FNDA:1,(anonymous_16)
FNDA:1,(anonymous_17)
FNDA:1,(anonymous_18)
FNDA:1,(anonymous_19)
FNDA:0,(anonymous_20)
FNDA:1,(anonymous_21)
FNDA:1,(anonymous_22)
FNDA:1,(anonymous_23)
FNDA:1,(anonymous_24)
FNDA:1,(anonymous_25)
FNDA:2,(anonymous_26)
FNDA:2,(anonymous_27)
FNDA:4,(anonymous_28)
FNDA:1,(anonymous_29)
DA:9,35
DA:31,35
DA:35,2
DA:36,2
DA:38,1
DA:44,1
DA:56,35
DA:60,2
DA:61,2
DA:63,1
DA:65,1
DA:67,1
DA:69,0
DA:73,1
DA:75,1
DA:85,35
DA:89,2
DA:90,2
DA:96,1
DA:98,1
DA:100,1
DA:106,1
DA:116,35
DA:120,2
DA:121,2
DA:123,1
DA:125,1
DA:135,35
DA:139,3
DA:140,3
DA:142,2
DA:144,1
DA:154,35
DA:167,35
DA:174,1
DA:178,2
DA:179,2
DA:180,2
DA:185,34
DA:191,1
DA:192,1
DA:196,1
DA:198,1
DA:200,1
DA:202,0
DA:210,1
DA:211,1
DA:218,1
DA:219,1
DA:223,1
DA:224,1
DA:228,1
DA:229,1
DA:236,1
DA:237,1
DA:241,1
DA:243,1
DA:245,1
DA:250,0
DA:259,1
DA:260,1
DA:267,1
DA:268,1
DA:272,1
DA:274,1
DA:276,1
DA:277,1
DA:284,1
DA:285,1
DA:292,2
DA:293,2
DA:297,2
DA:299,2
DA:300,4
DA:305,1
DA:306,1
DA:316,35
LF:77
LH:74
BRDA:12,0,0,4
BRDA:12,0,1,0
BRDA:14,1,0,4
BRDA:14,1,1,4
BRDA:16,2,0,4
BRDA:16,2,1,4
BRDA:18,3,0,0
BRDA:18,3,1,4
BRDA:41,4,0,1
BRDA:41,4,1,0
BRDA:45,5,0,1
BRDA:45,5,1,0
BRDA:63,6,0,1
BRDA:63,6,1,0
BRDA:63,6,2,0
BRDA:68,7,0,1
BRDA:68,7,1,0
BRDA:75,8,0,1
BRDA:75,8,1,0
BRDA:103,9,0,1
BRDA:103,9,1,1
BRDA:106,10,0,1
BRDA:106,10,1,0
BRDA:125,11,0,1
BRDA:125,11,1,0
BRDA:144,12,0,1
BRDA:144,12,1,0
BRDA:211,13,0,1
BRDA:211,13,1,0
BRDA:229,14,0,1
BRDA:229,14,1,0
BRDA:251,15,0,0
BRDA:251,15,1,0
BRDA:260,16,0,1
BRDA:260,16,1,0
BRDA:277,17,0,1
BRDA:277,17,1,0
BRDA:285,18,0,1
BRDA:285,18,1,0
BRDA:306,19,0,1
BRDA:306,19,1,0
BRF:41
BRH:22
end_of_record
TN:
SF:src\store\slices\userSlice.js
FN:10,(anonymous_0)
FN:27,(anonymous_1)
FN:50,(anonymous_2)
FN:71,(anonymous_3)
FN:106,(anonymous_4)
FN:113,(anonymous_5)
FN:119,(anonymous_6)
FN:124,(anonymous_7)
FN:129,(anonymous_8)
FN:139,(anonymous_9)
FN:144,(anonymous_10)
FN:150,(anonymous_11)
FN:158,(anonymous_12)
FN:168,(anonymous_13)
FN:173,(anonymous_14)
FN:177,(anonymous_15)
FN:181,(anonymous_16)
FNF:17
FNH:15
FNDA:3,(anonymous_0)
FNDA:3,(anonymous_1)
FNDA:3,(anonymous_2)
FNDA:2,(anonymous_3)
FNDA:2,(anonymous_4)
FNDA:35,(anonymous_5)
FNDA:2,(anonymous_6)
FNDA:2,(anonymous_7)
FNDA:1,(anonymous_8)
FNDA:2,(anonymous_9)
FNDA:2,(anonymous_10)
FNDA:2,(anonymous_11)
FNDA:0,(anonymous_12)
FNDA:1,(anonymous_13)
FNDA:1,(anonymous_14)
FNDA:2,(anonymous_15)
FNDA:0,(anonymous_16)
DA:10,35
DA:11,3
DA:13,3
DA:25,35
DA:28,3
DA:29,3
DA:31,2
DA:35,2
DA:37,1
DA:48,35
DA:51,3
DA:52,3
DA:56,2
DA:58,1
DA:69,35
DA:72,2
DA:73,2
DA:75,1
DA:77,1
DA:88,35
DA:100,35
DA:107,2
DA:108,2
DA:109,2
DA:118,35
DA:120,2
DA:121,2
DA:125,2
DA:126,2
DA:130,1
DA:131,1
DA:138,35
DA:140,2
DA:141,2
DA:145,2
DA:147,2
DA:149,2
DA:150,2
DA:153,2
DA:154,2
DA:159,0
DA:160,0
DA:167,35
DA:169,1
DA:170,1
DA:174,1
DA:176,1
DA:177,2
DA:182,0
DA:183,0
DA:194,35
LF:51
LH:47
BRDA:11,0,0,0
BRDA:11,0,1,3
BRDA:15,1,0,3
BRDA:15,1,1,1
BRDA:31,2,0,1
BRDA:31,2,1,1
BRDA:33,3,0,1
BRDA:33,3,1,1
BRDA:33,3,2,1
BRDA:37,4,0,1
BRDA:37,4,1,0
BRDA:58,5,0,1
BRDA:58,5,1,0
BRDA:77,6,0,1
BRDA:77,6,1,0
BRDA:153,7,0,2
BRDA:153,7,1,0
BRF:17
BRH:12
end_of_record
TN:
SF:src\store\slices\vendorSlice.js
FN:10,(anonymous_0)
FN:30,(anonymous_1)
FN:49,(anonymous_2)
FN:72,(anonymous_3)
FN:93,(anonymous_4)
FN:115,(anonymous_5)
FN:134,(anonymous_6)
FN:153,(anonymous_7)
FN:174,(anonymous_8)
FN:215,(anonymous_9)
FN:220,(anonymous_10)
FN:226,(anonymous_11)
FN:235,(anonymous_12)
FN:241,(anonymous_13)
FN:245,(anonymous_14)
FN:249,(anonymous_15)
FN:259,(anonymous_16)
FN:263,(anonymous_17)
FN:267,(anonymous_18)
FN:277,(anonymous_19)
FN:281,(anonymous_20)
FN:286,(anonymous_21)
FN:293,(anonymous_22)
FN:303,(anonymous_23)
FN:307,(anonymous_24)
FN:312,(anonymous_25)
FN:322,(anonymous_26)
FN:332,(anonymous_27)
FN:336,(anonymous_28)
FN:342,(anonymous_29)
FN:363,(anonymous_30)
FN:373,(anonymous_31)
FN:377,(anonymous_32)
FN:383,(anonymous_33)
FN:394,(anonymous_34)
FN:404,(anonymous_35)
FN:408,(anonymous_36)
FN:414,(anonymous_37)
FN:424,(anonymous_38)
FN:434,(anonymous_39)
FN:438,(anonymous_40)
FN:442,(anonymous_41)
FN:452,(anonymous_42)
FNF:43
FNH:36
FNDA:10,(anonymous_0)
FNDA:3,(anonymous_1)
FNDA:3,(anonymous_2)
FNDA:2,(anonymous_3)
FNDA:2,(anonymous_4)
FNDA:3,(anonymous_5)
FNDA:3,(anonymous_6)
FNDA:2,(anonymous_7)
FNDA:3,(anonymous_8)
FNDA:1,(anonymous_9)
FNDA:2,(anonymous_10)
FNDA:1,(anonymous_11)
FNDA:35,(anonymous_12)
FNDA:2,(anonymous_13)
FNDA:2,(anonymous_14)
FNDA:1,(anonymous_15)
FNDA:2,(anonymous_16)
FNDA:2,(anonymous_17)
FNDA:0,(anonymous_18)
FNDA:1,(anonymous_19)
FNDA:2,(anonymous_20)
FNDA:1,(anonymous_21)
FNDA:0,(anonymous_22)
FNDA:1,(anonymous_23)
FNDA:1,(anonymous_24)
FNDA:1,(anonymous_25)
FNDA:0,(anonymous_26)
FNDA:2,(anonymous_27)
FNDA:3,(anonymous_28)
FNDA:3,(anonymous_29)
FNDA:0,(anonymous_30)
FNDA:2,(anonymous_31)
FNDA:3,(anonymous_32)
FNDA:3,(anonymous_33)
FNDA:0,(anonymous_34)
FNDA:1,(anonymous_35)
FNDA:1,(anonymous_36)
FNDA:1,(anonymous_37)
FNDA:0,(anonymous_38)
FNDA:2,(anonymous_39)
FNDA:2,(anonymous_40)
FNDA:4,(anonymous_41)
FNDA:0,(anonymous_42)
DA:10,35
DA:11,10
DA:13,10
DA:28,35
DA:31,3
DA:32,3
DA:34,2
DA:36,1
DA:47,35
DA:50,3
DA:51,3
DA:53,2
DA:57,2
DA:59,1
DA:70,35
DA:73,2
DA:74,2
DA:76,1
DA:78,1
DA:91,35
DA:94,2
DA:95,2
DA:97,1
DA:99,1
DA:113,35
DA:116,3
DA:117,3
DA:119,2
DA:121,1
DA:132,35
DA:135,3
DA:136,3
DA:138,2
DA:140,1
DA:151,35
DA:154,2
DA:155,2
DA:157,1
DA:159,1
DA:172,35
DA:175,3
DA:176,3
DA:178,2
DA:180,1
DA:191,35
DA:209,35
DA:216,1
DA:217,1
DA:221,2
DA:222,2
DA:223,2
DA:227,1
DA:228,1
DA:229,1
DA:230,1
DA:231,1
DA:240,35
DA:242,2
DA:243,2
DA:246,2
DA:247,2
DA:250,1
DA:251,1
DA:258,35
DA:260,2
DA:261,2
DA:264,2
DA:265,2
DA:268,0
DA:269,0
DA:276,35
DA:278,1
DA:279,1
DA:282,2
DA:283,2
DA:285,2
DA:286,1
DA:289,2
DA:290,1
DA:294,0
DA:295,0
DA:302,35
DA:304,1
DA:305,1
DA:308,1
DA:309,1
DA:311,1
DA:312,1
DA:315,1
DA:316,1
DA:323,0
DA:324,0
DA:331,35
DA:333,2
DA:334,2
DA:337,3
DA:339,3
DA:341,3
DA:342,3
DA:345,3
DA:346,3
DA:353,3
DA:357,1
DA:364,0
DA:365,0
DA:372,35
DA:374,2
DA:375,2
DA:378,3
DA:380,3
DA:382,3
DA:383,3
DA:386,3
DA:387,3
DA:395,0
DA:396,0
DA:403,35
DA:405,1
DA:406,1
DA:409,1
DA:411,1
DA:413,1
DA:414,1
DA:417,1
DA:418,1
DA:425,0
DA:426,0
DA:433,35
DA:435,2
DA:436,2
DA:439,2
DA:441,2
DA:442,4
DA:445,2
DA:449,1
DA:453,0
DA:454,0
DA:466,35
LF:138
LH:124
BRDA:11,0,0,0
BRDA:11,0,1,10
BRDA:16,1,0,10
BRDA:16,1,1,3
BRDA:18,2,0,10
BRDA:18,2,1,10
BRDA:18,2,2,10
BRDA:18,2,3,10
BRDA:34,3,0,2
BRDA:34,3,1,2
BRDA:34,3,2,2
BRDA:36,4,0,1
BRDA:36,4,1,0
BRDA:53,5,0,1
BRDA:53,5,1,1
BRDA:55,6,0,1
BRDA:55,6,1,1
BRDA:55,6,2,1
BRDA:55,6,3,1
BRDA:59,7,0,1
BRDA:59,7,1,0
BRDA:76,8,0,1
BRDA:76,8,1,1
BRDA:76,8,2,1
BRDA:79,9,0,1
BRDA:79,9,1,0
BRDA:97,10,0,1
BRDA:97,10,1,1
BRDA:97,10,2,1
BRDA:100,11,0,1
BRDA:100,11,1,0
BRDA:119,12,0,2
BRDA:119,12,1,2
BRDA:119,12,2,2
BRDA:121,13,0,1
BRDA:121,13,1,0
BRDA:138,14,0,2
BRDA:138,14,1,2
BRDA:138,14,2,2
BRDA:140,15,0,1
BRDA:140,15,1,0
BRDA:157,16,0,1
BRDA:157,16,1,1
BRDA:157,16,2,1
BRDA:160,17,0,1
BRDA:160,17,1,0
BRDA:180,18,0,1
BRDA:180,18,1,0
BRDA:289,19,0,1
BRDA:289,19,1,1
BRDA:315,20,0,1
BRDA:315,20,1,0
BRDA:345,21,0,3
BRDA:345,21,1,0
BRDA:349,22,0,3
BRDA:349,22,1,2
BRDA:353,23,0,1
BRDA:353,23,1,2
BRDA:354,24,0,3
BRDA:354,24,1,1
BRDA:386,25,0,3
BRDA:386,25,1,0
BRDA:390,26,0,3
BRDA:390,26,1,2
BRDA:417,27,0,1
BRDA:417,27,1,0
BRDA:445,28,0,1
BRDA:445,28,1,1
BRDA:446,29,0,2
BRDA:446,29,1,1
BRF:70
BRH:57
end_of_record
TN:
SF:src\store\utils\normalize.js
FN:1,(anonymous_0)
FN:14,(anonymous_1)
FN:19,(anonymous_2)
FN:25,(anonymous_3)
FN:30,(anonymous_4)
FN:43,(anonymous_5)
FN:49,(anonymous_6)
FN:59,(anonymous_7)
FNF:8
FNH:8
FNDA:3,(anonymous_0)
FNDA:2,(anonymous_1)
FNDA:2,(anonymous_2)
FNDA:1,(anonymous_3)
FNDA:2,(anonymous_4)
FNDA:2,(anonymous_5)
FNDA:1,(anonymous_6)
FNDA:2,(anonymous_7)
DA:1,3
DA:14,2
DA:19,2
DA:25,1
DA:30,2
DA:43,2
DA:49,1
DA:59,2
LF:8
LH:8
BRDA:3,0,0,3
BRDA:3,0,1,1
BRDA:4,1,0,3
BRDA:4,1,1,2
BRDA:4,1,2,1
BRDA:5,2,0,2
BRDA:5,2,1,1
BRDA:8,3,0,2
BRDA:8,3,1,1
BRDA:9,4,0,2
BRDA:9,4,1,1
BRDA:16,5,0,2
BRDA:16,5,1,1
BRDA:21,6,0,2
BRDA:21,6,1,1
BRDA:22,7,0,2
BRDA:22,7,1,1
BRDA:27,8,0,1
BRDA:27,8,1,0
BRDA:32,9,0,2
BRDA:32,9,1,1
BRDA:33,10,0,2
BRDA:33,10,1,1
BRDA:34,11,0,2
BRDA:34,11,1,1
BRDA:35,12,0,1
BRDA:35,12,1,1
BRDA:45,13,0,2
BRDA:45,13,1,1
BRDA:46,14,0,2
BRDA:46,14,1,1
BRDA:47,15,0,2
BRDA:47,15,1,1
BRDA:49,16,0,2
BRDA:49,16,1,1
BRDA:51,17,0,1
BRDA:51,17,1,0
BRDA:52,18,0,1
BRDA:52,18,1,0
BRDA:53,19,0,1
BRDA:53,19,1,0
BRDA:54,20,0,1
BRDA:54,20,1,0
BRDA:55,21,0,1
BRDA:55,21,1,0
BRDA:61,22,0,2
BRDA:61,22,1,1
BRDA:62,23,0,2
BRDA:62,23,1,1
BRDA:63,24,0,2
BRDA:63,24,1,1
BRDA:63,24,2,1
BRDA:64,25,0,2
BRDA:64,25,1,1
BRDA:64,25,2,1
BRDA:65,26,0,2
BRDA:65,26,1,1
BRDA:65,26,2,1
BRF:58
BRH:52
end_of_record
